<?xml version="1.0" encoding="UTF-8"?>
<!-- Generated by org.testng.reporters.JUnitXMLReporter -->
<testsuite ignored="0" hostname="AS-QA-FebyNurHikmah.local" failures="0" tests="4" name="ProjectTestNG" time="0.017" errors="0" timestamp="2026-03-04T10:12:09 WIB">
  <testcase classname="CalculatorTest" name="testPenjumlahan" time="0.002"/>
  <testcase classname="CalculatorTest" name="testPengurangan" time="0.0"/>
  <testcase classname="CalculatorTest" name="testPerkalian" time="0.0"/>
  <testcase classname="CalculatorTest" name="testPembagian" time="0.001"/>
</testsuite> <!-- ProjectTestNG -->
