<?xml version="1.0" encoding="UTF-8"?>
<testng-results ignored="0" total="4" passed="4" failed="0" skipped="0">
  <reporter-output>
  </reporter-output>
  <suite started-at="2026-03-04T10:12:09 WIB" name="Default Suite" finished-at="2026-03-04T10:12:09 WIB" duration-ms="17">
    <groups>
    </groups>
    <test started-at="2026-03-04T10:12:09 WIB" name="ProjectTestNG" finished-at="2026-03-04T10:12:09 WIB" duration-ms="17">
      <class name="CalculatorTest">
        <test-method signature="testPenjumlahan()[pri:0, instance:CalculatorTest@49b0b76]" started-at="2026-03-04T10:12:09 WIB" name="testPenjumlahan" finished-at="2026-03-04T10:12:09 WIB" duration-ms="2" status="PASS">
          <reporter-output>
          </reporter-output>
        </test-method> <!-- testPenjumlahan -->
        <test-method signature="testPengurangan()[pri:1, instance:CalculatorTest@49b0b76]" started-at="2026-03-04T10:12:09 WIB" name="testPengurangan" finished-at="2026-03-04T10:12:09 WIB" duration-ms="0" status="PASS">
          <reporter-output>
          </reporter-output>
        </test-method> <!-- testPengurangan -->
        <test-method signature="testPembagian()[pri:3, instance:CalculatorTest@49b0b76]" started-at="2026-03-04T10:12:09 WIB" name="testPembagian" finished-at="2026-03-04T10:12:09 WIB" duration-ms="1" status="PASS">
          <reporter-output>
          </reporter-output>
        </test-method> <!-- testPembagian -->
        <test-method signature="testPerkalian()[pri:2, instance:CalculatorTest@49b0b76]" started-at="2026-03-04T10:12:09 WIB" name="testPerkalian" finished-at="2026-03-04T10:12:09 WIB" duration-ms="0" status="PASS">
          <reporter-output>
          </reporter-output>
        </test-method> <!-- testPerkalian -->
      </class> <!-- CalculatorTest -->
    </test> <!-- ProjectTestNG -->
  </suite> <!-- Default Suite -->
</testng-results>
